# JRE version: Java(TM) SE Runtime Environment (8.0_202-b08) (build 1.8.0_202-b08)
# Java VM: Java HotSpot(TM) 64-Bit Server VM (25.202-b08 mixed mode windows-amd64 compressed oops)
Heap:
 PSYoungGen      total 126976K, used 68532K [0x0000000715f80000, 0x000000071ed00000, 0x00000007c0000000)
  eden space 125440K, 53% used [0x0000000715f80000,0x000000071a18d3f0,0x000000071da00000)
  from space 1536K, 58% used [0x000000071eb80000,0x000000071ec60000,0x000000071ed00000)
  to   space 9728K, 0% used [0x000000071da00000,0x000000071da00000,0x000000071e380000)
 ParOldGen       total 140800K, used 9176K [0x00000005c1e00000, 0x00000005ca780000, 0x0000000715f80000)
  object space 140800K, 6% used [0x00000005c1e00000,0x00000005c26f6138,0x00000005ca780000)
 Metaspace       used 23281K, capacity 23576K, committed 23856K, reserved 1071104K
  class space    used 2767K, capacity 2856K, committed 2864K, reserved 1048576K
GC Heap History (10 events):
Event: 3.663 GC heap before
{Heap before GC invocations=3 (full 1):
 PSYoungGen      total 153088K, used 9909K [0x0000000715f80000, 0x0000000720a00000, 0x00000007c0000000)
  eden space 131584K, 0% used [0x0000000715f80000,0x0000000715f80000,0x000000071e000000)
  from space 21504K, 46% used [0x000000071f500000,0x000000071fead420,0x0000000720a00000)
  to   space 21504K, 0% used [0x000000071e000000,0x000000071e000000,0x000000071f500000)
 ParOldGen       total 349696K, used 24K [0x00000005c1e00000, 0x00000005d7380000, 0x0000000715f80000)
  object space 349696K, 0% used [0x00000005c1e00000,0x00000005c1e06000,0x00000005d7380000)
 Metaspace       used 20846K, capacity 21124K, committed 21296K, reserved 1069056K
  class space    used 2481K, capacity 2596K, committed 2608K, reserved 1048576K
Event: 3.683 GC heap after
Heap after GC invocations=3 (full 1):
 PSYoungGen      total 153088K, used 0K [0x0000000715f80000, 0x0000000720a00000, 0x00000007c0000000)
  eden space 131584K, 0% used [0x0000000715f80000,0x0000000715f80000,0x000000071e000000)
  from space 21504K, 0% used [0x000000071f500000,0x000000071f500000,0x0000000720a00000)
  to   space 21504K, 0% used [0x000000071e000000,0x000000071e000000,0x000000071f500000)
 ParOldGen       total 140800K, used 9144K [0x00000005c1e00000, 0x00000005ca780000, 0x0000000715f80000)
  object space 140800K, 6% used [0x00000005c1e00000,0x00000005c26ee138,0x00000005ca780000)
 Metaspace       used 20846K, capacity 21124K, committed 21296K, reserved 1069056K
  class space    used 2481K, capacity 2596K, committed 2608K, reserved 1048576K
}
Event: 976.520 GC heap before
{Heap before GC invocations=4 (full 1):
 PSYoungGen      total 153088K, used 131584K [0x0000000715f80000, 0x0000000720a00000, 0x00000007c0000000)
  eden space 131584K, 100% used [0x0000000715f80000,0x000000071e000000,0x000000071e000000)
  from space 21504K, 0% used [0x000000071f500000,0x000000071f500000,0x0000000720a00000)
  to   space 21504K, 0% used [0x000000071e000000,0x000000071e000000,0x000000071f500000)
 ParOldGen       total 140800K, used 9144K [0x00000005c1e00000, 0x00000005ca780000, 0x0000000715f80000)
  object space 140800K, 6% used [0x00000005c1e00000,0x00000005c26ee138,0x00000005ca780000)
 Metaspace       used 23273K, capacity 23576K, committed 23856K, reserved 1071104K
  class space    used 2767K, capacity 2856K, committed 2864K, reserved 1048576K
Event: 976.523 GC heap after
Heap after GC invocations=4 (full 1):
 PSYoungGen      total 153088K, used 896K [0x0000000715f80000, 0x0000000720a00000, 0x00000007c0000000)
  eden space 131584K, 0% used [0x0000000715f80000,0x0000000715f80000,0x000000071e000000)
  from space 21504K, 4% used [0x000000071e000000,0x000000071e0e0000,0x000000071f500000)
  to   space 21504K, 0% used [0x000000071f500000,0x000000071f500000,0x0000000720a00000)
 ParOldGen       total 140800K, used 9152K [0x00000005c1e00000, 0x00000005ca780000, 0x0000000715f80000)
  object space 140800K, 6% used [0x00000005c1e00000,0x00000005c26f0138,0x00000005ca780000)
 Metaspace       used 23273K, capacity 23576K, committed 23856K, reserved 1071104K
  class space    used 2767K, capacity 2856K, committed 2864K, reserved 1048576K
}
Event: 2045.349 GC heap before
{Heap before GC invocations=5 (full 1):
 PSYoungGen      total 153088K, used 132480K [0x0000000715f80000, 0x0000000720a00000, 0x00000007c0000000)
  eden space 131584K, 100% used [0x0000000715f80000,0x000000071e000000,0x000000071e000000)
  from space 21504K, 4% used [0x000000071e000000,0x000000071e0e0000,0x000000071f500000)
  to   space 21504K, 0% used [0x000000071f500000,0x000000071f500000,0x0000000720a00000)
 ParOldGen       total 140800K, used 9152K [0x00000005c1e00000, 0x00000005ca780000, 0x0000000715f80000)
  object space 140800K, 6% used [0x00000005c1e00000,0x00000005c26f0138,0x00000005ca780000)
 Metaspace       used 23276K, capacity 23576K, committed 23856K, reserved 1071104K
  class space    used 2767K, capacity 2856K, committed 2864K, reserved 1048576K
Event: 2045.352 GC heap after
Heap after GC invocations=5 (full 1):
 PSYoungGen      total 153088K, used 864K [0x0000000715f80000, 0x0000000720a00000, 0x00000007c0000000)
  eden space 131584K, 0% used [0x0000000715f80000,0x0000000715f80000,0x000000071e000000)
  from space 21504K, 4% used [0x000000071f500000,0x000000071f5d8000,0x0000000720a00000)
  to   space 21504K, 0% used [0x000000071e000000,0x000000071e000000,0x000000071f500000)
 ParOldGen       total 140800K, used 9160K [0x00000005c1e00000, 0x00000005ca780000, 0x0000000715f80000)
  object space 140800K, 6% used [0x00000005c1e00000,0x00000005c26f2138,0x00000005ca780000)
 Metaspace       used 23276K, capacity 23576K, committed 23856K, reserved 1071104K
  class space    used 2767K, capacity 2856K, committed 2864K, reserved 1048576K
}
Event: 3145.178 GC heap before
{Heap before GC invocations=6 (full 1):
 PSYoungGen      total 153088K, used 132448K [0x0000000715f80000, 0x0000000720a00000, 0x00000007c0000000)
  eden space 131584K, 100% used [0x0000000715f80000,0x000000071e000000,0x000000071e000000)
  from space 21504K, 4% used [0x000000071f500000,0x000000071f5d8000,0x0000000720a00000)
  to   space 21504K, 0% used [0x000000071e000000,0x000000071e000000,0x000000071f500000)
 ParOldGen       total 140800K, used 9160K [0x00000005c1e00000, 0x00000005ca780000, 0x0000000715f80000)
  object space 140800K, 6% used [0x00000005c1e00000,0x00000005c26f2138,0x00000005ca780000)
 Metaspace       used 23280K, capacity 23576K, committed 23856K, reserved 1071104K
  class space    used 2767K, capacity 2856K, committed 2864K, reserved 1048576K
Event: 3145.183 GC heap after
Heap after GC invocations=6 (full 1):
 PSYoungGen      total 129536K, used 960K [0x0000000715f80000, 0x000000071f580000, 0x00000007c0000000)
  eden space 128512K, 0% used [0x0000000715f80000,0x0000000715f80000,0x000000071dd00000)
  from space 1024K, 93% used [0x000000071e000000,0x000000071e0f0000,0x000000071e100000)
  to   space 10240K, 0% used [0x000000071eb80000,0x000000071eb80000,0x000000071f580000)
 ParOldGen       total 140800K, used 9168K [0x00000005c1e00000, 0x00000005ca780000, 0x0000000715f80000)
  object space 140800K, 6% used [0x00000005c1e00000,0x00000005c26f4138,0x00000005ca780000)
 Metaspace       used 23280K, capacity 23576K, committed 23856K, reserved 1071104K
  class space    used 2767K, capacity 2856K, committed 2864K, reserved 1048576K
}
Event: 4217.822 GC heap before
{Heap before GC invocations=7 (full 1):
 PSYoungGen      total 129536K, used 129472K [0x0000000715f80000, 0x000000071f580000, 0x00000007c0000000)
  eden space 128512K, 100% used [0x0000000715f80000,0x000000071dd00000,0x000000071dd00000)
  from space 1024K, 93% used [0x000000071e000000,0x000000071e0f0000,0x000000071e100000)
  to   space 10240K, 0% used [0x000000071eb80000,0x000000071eb80000,0x000000071f580000)
 ParOldGen       total 140800K, used 9168K [0x00000005c1e00000, 0x00000005ca780000, 0x0000000715f80000)
  object space 140800K, 6% used [0x00000005c1e00000,0x00000005c26f4138,0x00000005ca780000)
 Metaspace       used 23280K, capacity 23576K, committed 23856K, reserved 1071104K
  class space    used 2767K, capacity 2856K, committed 2864K, reserved 1048576K
Event: 4217.825 GC heap after
Heap after GC invocations=7 (full 1):
 PSYoungGen      total 126976K, used 896K [0x0000000715f80000, 0x000000071ed00000, 0x00000007c0000000)
  eden space 125440K, 0% used [0x0000000715f80000,0x0000000715f80000,0x000000071da00000)
  from space 1536K, 58% used [0x000000071eb80000,0x000000071ec60000,0x000000071ed00000)
  to   space 9728K, 0% used [0x000000071da00000,0x000000071da00000,0x000000071e380000)
 ParOldGen       total 140800K, used 9176K [0x00000005c1e00000, 0x00000005ca780000, 0x0000000715f80000)
  object space 140800K, 6% used [0x00000005c1e00000,0x00000005c26f6138,0x00000005ca780000)
 Metaspace       used 23280K, capacity 23576K, committed 23856K, reserved 1071104K
  class space    used 2767K, capacity 2856K, committed 2864K, reserved 1048576K
}

